

Started GET "/admin" for 127.0.0.1 at 2019-01-28 12:35:39 +0530

ActiveRecord::NoDatabaseError (FATAL:  database "dashboard_development" does not exist
):
  activerecord (4.2.5.1) lib/active_record/connection_adapters/postgresql_adapter.rb:661:in `rescue in connect'
  activerecord (4.2.5.1) lib/active_record/connection_adapters/postgresql_adapter.rb:651:in `connect'
  activerecord (4.2.5.1) lib/active_record/connection_adapters/postgresql_adapter.rb:242:in `initialize'
  activerecord (4.2.5.1) lib/active_record/connection_adapters/postgresql_adapter.rb:44:in `new'
  activerecord (4.2.5.1) lib/active_record/connection_adapters/postgresql_adapter.rb:44:in `postgresql_connection'
  activerecord (4.2.5.1) lib/active_record/connection_adapters/abstract/connection_pool.rb:438:in `new_connection'
  activerecord (4.2.5.1) lib/active_record/connection_adapters/abstract/connection_pool.rb:448:in `checkout_new_connection'
  activerecord (4.2.5.1) lib/active_record/connection_adapters/abstract/connection_pool.rb:422:in `acquire_connection'
  activerecord (4.2.5.1) lib/active_record/connection_adapters/abstract/connection_pool.rb:349:in `block in checkout'
  /home/enbake/.rvm/rubies/ruby-2.1.5/lib/ruby/2.1.0/monitor.rb:211:in `mon_synchronize'
  activerecord (4.2.5.1) lib/active_record/connection_adapters/abstract/connection_pool.rb:348:in `checkout'
  activerecord (4.2.5.1) lib/active_record/connection_adapters/abstract/connection_pool.rb:263:in `block in connection'
  /home/enbake/.rvm/rubies/ruby-2.1.5/lib/ruby/2.1.0/monitor.rb:211:in `mon_synchronize'
  activerecord (4.2.5.1) lib/active_record/connection_adapters/abstract/connection_pool.rb:262:in `connection'
  activerecord (4.2.5.1) lib/active_record/connection_adapters/abstract/connection_pool.rb:571:in `retrieve_connection'
  activerecord (4.2.5.1) lib/active_record/connection_handling.rb:113:in `retrieve_connection'
  activerecord (4.2.5.1) lib/active_record/connection_handling.rb:87:in `connection'
  activerecord (4.2.5.1) lib/active_record/migration.rb:383:in `connection'
  activerecord (4.2.5.1) lib/active_record/migration.rb:370:in `call'
  actionpack (4.2.5.1) lib/action_dispatch/middleware/callbacks.rb:29:in `block in call'
  activesupport (4.2.5.1) lib/active_support/callbacks.rb:88:in `__run_callbacks__'
  activesupport (4.2.5.1) lib/active_support/callbacks.rb:778:in `_run_call_callbacks'
  activesupport (4.2.5.1) lib/active_support/callbacks.rb:81:in `run_callbacks'
  actionpack (4.2.5.1) lib/action_dispatch/middleware/callbacks.rb:27:in `call'
  actionpack (4.2.5.1) lib/action_dispatch/middleware/reloader.rb:73:in `call'
  actionpack (4.2.5.1) lib/action_dispatch/middleware/remote_ip.rb:78:in `call'
  actionpack (4.2.5.1) lib/action_dispatch/middleware/debug_exceptions.rb:17:in `call'
  web-console (2.3.0) lib/web_console/middleware.rb:28:in `block in call'
  web-console (2.3.0) lib/web_console/middleware.rb:18:in `catch'
  web-console (2.3.0) lib/web_console/middleware.rb:18:in `call'
  actionpack (4.2.5.1) lib/action_dispatch/middleware/show_exceptions.rb:30:in `call'
  railties (4.2.5.1) lib/rails/rack/logger.rb:38:in `call_app'
  railties (4.2.5.1) lib/rails/rack/logger.rb:20:in `block in call'
  activesupport (4.2.5.1) lib/active_support/tagged_logging.rb:68:in `block in tagged'
  activesupport (4.2.5.1) lib/active_support/tagged_logging.rb:26:in `tagged'
  activesupport (4.2.5.1) lib/active_support/tagged_logging.rb:68:in `tagged'
  railties (4.2.5.1) lib/rails/rack/logger.rb:20:in `call'
  actionpack (4.2.5.1) lib/action_dispatch/middleware/request_id.rb:21:in `call'
  rack (1.6.11) lib/rack/methodoverride.rb:22:in `call'
  rack (1.6.11) lib/rack/runtime.rb:18:in `call'
  activesupport (4.2.5.1) lib/active_support/cache/strategy/local_cache_middleware.rb:28:in `call'
  rack (1.6.11) lib/rack/lock.rb:17:in `call'
  actionpack (4.2.5.1) lib/action_dispatch/middleware/static.rb:116:in `call'
  rack (1.6.11) lib/rack/sendfile.rb:113:in `call'
  railties (4.2.5.1) lib/rails/engine.rb:518:in `call'
  railties (4.2.5.1) lib/rails/application.rb:165:in `call'
  rack (1.6.11) lib/rack/lock.rb:17:in `call'
  rack (1.6.11) lib/rack/content_length.rb:15:in `call'
  rack (1.6.11) lib/rack/handler/webrick.rb:88:in `service'
  /home/enbake/.rvm/rubies/ruby-2.1.5/lib/ruby/2.1.0/webrick/httpserver.rb:138:in `service'
  /home/enbake/.rvm/rubies/ruby-2.1.5/lib/ruby/2.1.0/webrick/httpserver.rb:94:in `run'
  /home/enbake/.rvm/rubies/ruby-2.1.5/lib/ruby/2.1.0/webrick/server.rb:295:in `block in start_thread'


  Rendered /home/enbake/.rvm/gems/ruby-2.1.5/gems/actionpack-4.2.5.1/lib/action_dispatch/middleware/templates/rescues/_source.erb (6.6ms)
  Rendered /home/enbake/.rvm/gems/ruby-2.1.5/gems/actionpack-4.2.5.1/lib/action_dispatch/middleware/templates/rescues/_trace.html.erb (2.6ms)
  Rendered /home/enbake/.rvm/gems/ruby-2.1.5/gems/actionpack-4.2.5.1/lib/action_dispatch/middleware/templates/rescues/_request_and_response.html.erb (1.4ms)
  Rendered /home/enbake/.rvm/gems/ruby-2.1.5/gems/actionpack-4.2.5.1/lib/action_dispatch/middleware/templates/rescues/diagnostics.html.erb within rescues/layout (56.6ms)
  Rendered /home/enbake/.rvm/gems/ruby-2.1.5/gems/web-console-2.3.0/lib/web_console/templates/_markup.html.erb (0.7ms)
  Rendered /home/enbake/.rvm/gems/ruby-2.1.5/gems/web-console-2.3.0/lib/web_console/templates/_inner_console_markup.html.erb within layouts/inlined_string (0.5ms)
  Rendered /home/enbake/.rvm/gems/ruby-2.1.5/gems/web-console-2.3.0/lib/web_console/templates/_prompt_box_markup.html.erb within layouts/inlined_string (0.5ms)
  Rendered /home/enbake/.rvm/gems/ruby-2.1.5/gems/web-console-2.3.0/lib/web_console/templates/style.css.erb within layouts/inlined_string (0.5ms)
  Rendered /home/enbake/.rvm/gems/ruby-2.1.5/gems/web-console-2.3.0/lib/web_console/templates/console.js.erb within layouts/javascript (165.7ms)
  Rendered /home/enbake/.rvm/gems/ruby-2.1.5/gems/web-console-2.3.0/lib/web_console/templates/main.js.erb within layouts/javascript (0.3ms)
  Rendered /home/enbake/.rvm/gems/ruby-2.1.5/gems/web-console-2.3.0/lib/web_console/templates/error_page.js.erb within layouts/javascript (0.7ms)
  Rendered /home/enbake/.rvm/gems/ruby-2.1.5/gems/web-console-2.3.0/lib/web_console/templates/index.html.erb (206.8ms)
  [1m[36m (162.7ms)[0m  [1mCREATE TABLE "schema_migrations" ("version" character varying NOT NULL) [0m
  [1m[35m (74.2ms)[0m  CREATE UNIQUE INDEX  "unique_schema_migrations" ON "schema_migrations"  ("version")
  [1m[36mActiveRecord::SchemaMigration Load (0.9ms)[0m  [1mSELECT "schema_migrations".* FROM "schema_migrations"[0m


Started GET "/admin" for 127.0.0.1 at 2019-01-28 12:45:52 +0530
Processing by RailsAdmin::MainController#dashboard as HTML
  Rendered /home/enbake/.rvm/gems/ruby-2.1.5/gems/rails_admin-1.4.2/app/views/rails_admin/main/dashboard.html.haml within layouts/rails_admin/application (69.0ms)
  Rendered /home/enbake/.rvm/gems/ruby-2.1.5/gems/rails_admin-1.4.2/app/views/layouts/rails_admin/_secondary_navigation.html.haml (41.1ms)
  Rendered /home/enbake/.rvm/gems/ruby-2.1.5/gems/rails_admin-1.4.2/app/views/layouts/rails_admin/_navigation.html.haml (52.4ms)
  Rendered /home/enbake/.rvm/gems/ruby-2.1.5/gems/rails_admin-1.4.2/app/views/layouts/rails_admin/_sidebar_navigation.html.haml (3.7ms)
  Rendered /home/enbake/.rvm/gems/ruby-2.1.5/gems/rails_admin-1.4.2/app/views/layouts/rails_admin/pjax.html.haml (10.1ms)
Completed 200 OK in 20305ms (Views: 19984.5ms | ActiveRecord: 0.0ms)


Started GET "/admin" for 127.0.0.1 at 2019-01-28 12:55:52 +0530
Processing by RailsAdmin::MainController#dashboard as HTML
  Rendered /home/enbake/.rvm/gems/ruby-2.1.5/gems/rails_admin-1.4.2/app/views/rails_admin/main/dashboard.html.haml within layouts/rails_admin/application (20.2ms)
  Rendered /home/enbake/.rvm/gems/ruby-2.1.5/gems/rails_admin-1.4.2/app/views/layouts/rails_admin/_secondary_navigation.html.haml (12.0ms)
  Rendered /home/enbake/.rvm/gems/ruby-2.1.5/gems/rails_admin-1.4.2/app/views/layouts/rails_admin/_navigation.html.haml (21.4ms)
  Rendered /home/enbake/.rvm/gems/ruby-2.1.5/gems/rails_admin-1.4.2/app/views/layouts/rails_admin/_sidebar_navigation.html.haml (3.5ms)
  Rendered /home/enbake/.rvm/gems/ruby-2.1.5/gems/rails_admin-1.4.2/app/views/layouts/rails_admin/pjax.html.haml (10.3ms)
Completed 200 OK in 950ms (Views: 774.5ms | ActiveRecord: 0.0ms)


Started GET "/" for 127.0.0.1 at 2019-01-28 13:15:18 +0530
Processing by Rails::WelcomeController#index as HTML
  Rendered /home/enbake/.rvm/gems/ruby-2.1.5/gems/railties-4.2.5.1/lib/rails/templates/rails/welcome/index.html.erb (2.5ms)
Completed 200 OK in 42ms (Views: 29.9ms | ActiveRecord: 0.0ms)


Started GET "/admin" for 127.0.0.1 at 2019-01-28 13:15:26 +0530
Processing by RailsAdmin::MainController#dashboard as HTML
  Rendered /home/enbake/.rvm/gems/ruby-2.1.5/gems/rails_admin-1.4.2/app/views/rails_admin/main/dashboard.html.haml within layouts/rails_admin/application (16.3ms)
  Rendered /home/enbake/.rvm/gems/ruby-2.1.5/gems/rails_admin-1.4.2/app/views/layouts/rails_admin/_secondary_navigation.html.haml (12.6ms)
  Rendered /home/enbake/.rvm/gems/ruby-2.1.5/gems/rails_admin-1.4.2/app/views/layouts/rails_admin/_navigation.html.haml (22.7ms)
  Rendered /home/enbake/.rvm/gems/ruby-2.1.5/gems/rails_admin-1.4.2/app/views/layouts/rails_admin/_sidebar_navigation.html.haml (5.5ms)
  Rendered /home/enbake/.rvm/gems/ruby-2.1.5/gems/rails_admin-1.4.2/app/views/layouts/rails_admin/pjax.html.haml (9.4ms)
Completed 200 OK in 922ms (Views: 763.6ms | ActiveRecord: 0.0ms)


Started GET "/admin" for 127.0.0.1 at 2019-01-28 13:17:59 +0530
Processing by RailsAdmin::MainController#dashboard as HTML
  Rendered /home/enbake/.rvm/gems/ruby-2.1.5/gems/rails_admin-1.4.2/app/views/rails_admin/main/dashboard.html.haml within layouts/rails_admin/application (18.4ms)
  Rendered /home/enbake/.rvm/gems/ruby-2.1.5/gems/rails_admin-1.4.2/app/views/layouts/rails_admin/_secondary_navigation.html.haml (14.2ms)
  Rendered /home/enbake/.rvm/gems/ruby-2.1.5/gems/rails_admin-1.4.2/app/views/layouts/rails_admin/_navigation.html.haml (24.0ms)
  Rendered /home/enbake/.rvm/gems/ruby-2.1.5/gems/rails_admin-1.4.2/app/views/layouts/rails_admin/_sidebar_navigation.html.haml (4.2ms)
  Rendered /home/enbake/.rvm/gems/ruby-2.1.5/gems/rails_admin-1.4.2/app/views/layouts/rails_admin/pjax.html.haml (10.3ms)
Completed 200 OK in 970ms (Views: 801.5ms | ActiveRecord: 0.0ms)


Started GET "/" for 127.0.0.1 at 2019-01-28 15:17:22 +0530
Processing by Rails::WelcomeController#index as HTML
  Rendered /home/enbake/.rvm/gems/ruby-2.1.5/gems/railties-4.2.5.1/lib/rails/templates/rails/welcome/index.html.erb (2.3ms)
Completed 200 OK in 30ms (Views: 17.9ms | ActiveRecord: 0.0ms)


Started GET "/admin" for 127.0.0.1 at 2019-01-28 15:19:06 +0530
Processing by RailsAdmin::MainController#dashboard as HTML
  Rendered /home/enbake/.rvm/gems/ruby-2.1.5/gems/rails_admin-1.4.2/app/views/rails_admin/main/dashboard.html.haml within layouts/rails_admin/application (73.2ms)
  Rendered /home/enbake/.rvm/gems/ruby-2.1.5/gems/rails_admin-1.4.2/app/views/layouts/rails_admin/_secondary_navigation.html.haml (12.8ms)
  Rendered /home/enbake/.rvm/gems/ruby-2.1.5/gems/rails_admin-1.4.2/app/views/layouts/rails_admin/_navigation.html.haml (22.5ms)
  Rendered /home/enbake/.rvm/gems/ruby-2.1.5/gems/rails_admin-1.4.2/app/views/layouts/rails_admin/_sidebar_navigation.html.haml (3.7ms)
  Rendered /home/enbake/.rvm/gems/ruby-2.1.5/gems/rails_admin-1.4.2/app/views/layouts/rails_admin/pjax.html.haml (9.6ms)
Completed 200 OK in 976ms (Views: 800.7ms | ActiveRecord: 0.0ms)


Started GET "/" for 127.0.0.1 at 2019-01-28 15:41:42 +0530
Processing by Rails::WelcomeController#index as HTML
  Rendered /home/enbake/.rvm/gems/ruby-2.1.5/gems/railties-4.2.5.1/lib/rails/templates/rails/welcome/index.html.erb (2.1ms)
Completed 200 OK in 24ms (Views: 13.1ms | ActiveRecord: 0.0ms)


Started GET "/admin" for 127.0.0.1 at 2019-01-28 15:42:08 +0530
Processing by RailsAdmin::MainController#dashboard as HTML
  Rendered /home/enbake/.rvm/gems/ruby-2.1.5/gems/rails_admin-1.4.2/app/views/rails_admin/main/dashboard.html.haml within layouts/rails_admin/application (19.0ms)
  Rendered /home/enbake/.rvm/gems/ruby-2.1.5/gems/rails_admin-1.4.2/app/views/layouts/rails_admin/_secondary_navigation.html.haml (11.9ms)
  Rendered /home/enbake/.rvm/gems/ruby-2.1.5/gems/rails_admin-1.4.2/app/views/layouts/rails_admin/_navigation.html.haml (20.5ms)
  Rendered /home/enbake/.rvm/gems/ruby-2.1.5/gems/rails_admin-1.4.2/app/views/layouts/rails_admin/_sidebar_navigation.html.haml (3.9ms)
  Rendered /home/enbake/.rvm/gems/ruby-2.1.5/gems/rails_admin-1.4.2/app/views/layouts/rails_admin/pjax.html.haml (8.7ms)
Completed 200 OK in 951ms (Views: 769.2ms | ActiveRecord: 0.0ms)


Started GET "/" for 127.0.0.1 at 2019-01-28 15:56:14 +0530
Processing by Rails::WelcomeController#index as HTML
  Rendered /home/enbake/.rvm/gems/ruby-2.1.5/gems/railties-4.2.5.1/lib/rails/templates/rails/welcome/index.html.erb (2.6ms)
Completed 200 OK in 25ms (Views: 13.7ms | ActiveRecord: 0.0ms)


Started GET "/admin" for 127.0.0.1 at 2019-01-28 15:56:19 +0530
Processing by RailsAdmin::MainController#dashboard as HTML
  Rendered /home/enbake/.rvm/gems/ruby-2.1.5/gems/rails_admin-1.4.2/app/views/rails_admin/main/dashboard.html.haml within layouts/rails_admin/application (17.9ms)
  Rendered /home/enbake/.rvm/gems/ruby-2.1.5/gems/rails_admin-1.4.2/app/views/layouts/rails_admin/_secondary_navigation.html.haml (13.6ms)
  Rendered /home/enbake/.rvm/gems/ruby-2.1.5/gems/rails_admin-1.4.2/app/views/layouts/rails_admin/_navigation.html.haml (25.1ms)
  Rendered /home/enbake/.rvm/gems/ruby-2.1.5/gems/rails_admin-1.4.2/app/views/layouts/rails_admin/_sidebar_navigation.html.haml (3.7ms)
  Rendered /home/enbake/.rvm/gems/ruby-2.1.5/gems/rails_admin-1.4.2/app/views/layouts/rails_admin/pjax.html.haml (10.4ms)
Completed 200 OK in 932ms (Views: 752.5ms | ActiveRecord: 0.0ms)
Started GET "/" for 127.0.0.1 at 2019-01-28 16:47:23 +0530
DEPRECATION WARNING: ActiveRecord::Base.raise_in_transactional_callbacks= is deprecated, has no effect and will be removed without replacement. (called from raise_in_transactional_callbacks= at /home/enbake/.rvm/gems/ruby-2.4.4/gems/activerecord-5.0.0/lib/active_record/transactions.rb:283)
Processing by Rails::WelcomeController#index as HTML
  Parameters: {"internal"=>true}
  Rendering /home/enbake/.rvm/gems/ruby-2.4.4/gems/railties-5.0.0/lib/rails/templates/rails/welcome/index.html.erb
  Rendered /home/enbake/.rvm/gems/ruby-2.4.4/gems/railties-5.0.0/lib/rails/templates/rails/welcome/index.html.erb (3.9ms)
Completed 200 OK in 24ms (Views: 9.5ms | ActiveRecord: 0.0ms)


Started GET "/admin" for 127.0.0.1 at 2019-01-28 16:47:29 +0530
Processing by RailsAdmin::MainController#dashboard as HTML
  Rendering /home/enbake/.rvm/gems/ruby-2.4.4/gems/rails_admin-1.4.2/app/views/rails_admin/main/dashboard.html.haml within layouts/rails_admin/application
  Rendered /home/enbake/.rvm/gems/ruby-2.4.4/gems/rails_admin-1.4.2/app/views/rails_admin/main/dashboard.html.haml within layouts/rails_admin/application (17.0ms)
Started GET "/admin" for 127.0.0.1 at 2019-01-28 16:47:34 +0530
Processing by RailsAdmin::MainController#dashboard as HTML
  Rendering /home/enbake/.rvm/gems/ruby-2.4.4/gems/rails_admin-1.4.2/app/views/rails_admin/main/dashboard.html.haml within layouts/rails_admin/application
  Rendered /home/enbake/.rvm/gems/ruby-2.4.4/gems/rails_admin-1.4.2/app/views/rails_admin/main/dashboard.html.haml within layouts/rails_admin/application (14.5ms)
  Rendered /home/enbake/.rvm/gems/ruby-2.4.4/gems/rails_admin-1.4.2/app/views/layouts/rails_admin/_secondary_navigation.html.haml (7.0ms)
  Rendered /home/enbake/.rvm/gems/ruby-2.4.4/gems/rails_admin-1.4.2/app/views/layouts/rails_admin/_navigation.html.haml (17.1ms)
  Rendered /home/enbake/.rvm/gems/ruby-2.4.4/gems/rails_admin-1.4.2/app/views/layouts/rails_admin/_sidebar_navigation.html.haml (4.4ms)
  Rendering /home/enbake/.rvm/gems/ruby-2.4.4/gems/rails_admin-1.4.2/app/views/layouts/rails_admin/pjax.html.haml
  Rendered /home/enbake/.rvm/gems/ruby-2.4.4/gems/rails_admin-1.4.2/app/views/layouts/rails_admin/pjax.html.haml (10.7ms)
Completed 200 OK in 16557ms (Views: 16375.3ms | ActiveRecord: 0.0ms)


  
ArgumentError (key must be 32 bytes):
  
  Rendered /home/enbake/.rvm/gems/ruby-2.4.4/gems/rails_admin-1.4.2/app/views/layouts/rails_admin/_secondary_navigation.html.haml (7.9ms)
activesupport (5.0.0) lib/active_support/message_encryptor.rb:72:in `key='
  Rendered /home/enbake/.rvm/gems/ruby-2.4.4/gems/rails_admin-1.4.2/app/views/layouts/rails_admin/_navigation.html.haml (17.0ms)
activesupport (5.0.0) lib/active_support/message_encryptor.rb:72:in `_encrypt'
  Rendered /home/enbake/.rvm/gems/ruby-2.4.4/gems/rails_admin-1.4.2/app/views/layouts/rails_admin/_sidebar_navigation.html.haml (7.3ms)
activesupport (5.0.0) lib/active_support/message_encryptor.rb:58:in `encrypt_and_sign'
actionpack (5.0.0) lib/action_dispatch/middleware/cookies.rb:592:in `commit'
actionpack (5.0.0) lib/action_dispatch/middleware/cookies.rb:465:in `[]='
  Rendering /home/enbake/.rvm/gems/ruby-2.4.4/gems/rails_admin-1.4.2/app/views/layouts/rails_admin/pjax.html.haml
actionpack (5.0.0) lib/action_dispatch/middleware/session/cookie_store.rb:117:in `set_cookie'
  Rendered /home/enbake/.rvm/gems/ruby-2.4.4/gems/rails_admin-1.4.2/app/views/layouts/rails_admin/pjax.html.haml (10.6ms)
rack (2.0.6) lib/rack/session/abstract/id.rb:363:in `commit_session'
Completed 200 OK in 11466ms (Views: 11463.8ms | ActiveRecord: 0.0ms)


rack (2.0.6) lib/rack/session/abstract/id.rb:234:in `context'
  
rack (2.0.6) lib/rack/session/abstract/id.rb:226:in `call'
ArgumentError (key must be 32 bytes):
actionpack (5.0.0) lib/action_dispatch/middleware/cookies.rb:613:in `call'
  
activerecord (5.0.0) lib/active_record/migration.rb:552:in `call'
activesupport (5.0.0) lib/active_support/message_encryptor.rb:72:in `key='
actionpack (5.0.0) lib/action_dispatch/middleware/callbacks.rb:38:in `block in call'
activesupport (5.0.0) lib/active_support/message_encryptor.rb:72:in `_encrypt'
activesupport (5.0.0) lib/active_support/callbacks.rb:97:in `__run_callbacks__'
activesupport (5.0.0) lib/active_support/message_encryptor.rb:58:in `encrypt_and_sign'
activesupport (5.0.0) lib/active_support/callbacks.rb:750:in `_run_call_callbacks'
actionpack (5.0.0) lib/action_dispatch/middleware/cookies.rb:592:in `commit'
activesupport (5.0.0) lib/active_support/callbacks.rb:90:in `run_callbacks'
actionpack (5.0.0) lib/action_dispatch/middleware/cookies.rb:465:in `[]='
actionpack (5.0.0) lib/action_dispatch/middleware/callbacks.rb:36:in `call'
actionpack (5.0.0) lib/action_dispatch/middleware/session/cookie_store.rb:117:in `set_cookie'
actionpack (5.0.0) lib/action_dispatch/middleware/executor.rb:12:in `call'
rack (2.0.6) lib/rack/session/abstract/id.rb:363:in `commit_session'
actionpack (5.0.0) lib/action_dispatch/middleware/remote_ip.rb:79:in `call'
rack (2.0.6) lib/rack/session/abstract/id.rb:234:in `context'
actionpack (5.0.0) lib/action_dispatch/middleware/debug_exceptions.rb:49:in `call'
rack (2.0.6) lib/rack/session/abstract/id.rb:226:in `call'
web-console (2.3.0) lib/web_console/middleware.rb:28:in `block in call'
actionpack (5.0.0) lib/action_dispatch/middleware/cookies.rb:613:in `call'
web-console (2.3.0) lib/web_console/middleware.rb:18:in `catch'
activerecord (5.0.0) lib/active_record/migration.rb:552:in `call'
web-console (2.3.0) lib/web_console/middleware.rb:18:in `call'
actionpack (5.0.0) lib/action_dispatch/middleware/callbacks.rb:38:in `block in call'
actionpack (5.0.0) lib/action_dispatch/middleware/show_exceptions.rb:31:in `call'
activesupport (5.0.0) lib/active_support/callbacks.rb:97:in `__run_callbacks__'
railties (5.0.0) lib/rails/rack/logger.rb:36:in `call_app'
activesupport (5.0.0) lib/active_support/callbacks.rb:750:in `_run_call_callbacks'
railties (5.0.0) lib/rails/rack/logger.rb:24:in `block in call'
activesupport (5.0.0) lib/active_support/callbacks.rb:90:in `run_callbacks'
activesupport (5.0.0) lib/active_support/tagged_logging.rb:70:in `block in tagged'
actionpack (5.0.0) lib/action_dispatch/middleware/callbacks.rb:36:in `call'
activesupport (5.0.0) lib/active_support/tagged_logging.rb:26:in `tagged'
actionpack (5.0.0) lib/action_dispatch/middleware/executor.rb:12:in `call'
activesupport (5.0.0) lib/active_support/tagged_logging.rb:70:in `tagged'
actionpack (5.0.0) lib/action_dispatch/middleware/remote_ip.rb:79:in `call'
railties (5.0.0) lib/rails/rack/logger.rb:24:in `call'
actionpack (5.0.0) lib/action_dispatch/middleware/debug_exceptions.rb:49:in `call'
actionpack (5.0.0) lib/action_dispatch/middleware/request_id.rb:24:in `call'
rack (2.0.6) lib/rack/method_override.rb:22:in `call'
rack (2.0.6) lib/rack/runtime.rb:22:in `call'
activesupport (5.0.0) lib/active_support/cache/strategy/local_cache_middleware.rb:28:in `call'
actionpack (5.0.0) lib/action_dispatch/middleware/executor.rb:12:in `call'
actionpack (5.0.0) lib/action_dispatch/middleware/static.rb:136:in `call'
rack (2.0.6) lib/rack/sendfile.rb:111:in `call'
railties (5.0.0) lib/rails/engine.rb:522:in `call'
rack (2.0.6) lib/rack/handler/webrick.rb:86:in `service'
/home/enbake/.rvm/rubies/ruby-2.4.4/lib/ruby/2.4.0/webrick/httpserver.rb:140:in `service'
/home/enbake/.rvm/rubies/ruby-2.4.4/lib/ruby/2.4.0/webrick/httpserver.rb:96:in `run'
/home/enbake/.rvm/rubies/ruby-2.4.4/lib/ruby/2.4.0/webrick/server.rb:308:in `block in start_thread'
web-console (2.3.0) lib/web_console/middleware.rb:28:in `block in call'
web-console (2.3.0) lib/web_console/middleware.rb:18:in `catch'
web-console (2.3.0) lib/web_console/middleware.rb:18:in `call'
actionpack (5.0.0) lib/action_dispatch/middleware/show_exceptions.rb:31:in `call'
railties (5.0.0) lib/rails/rack/logger.rb:36:in `call_app'
railties (5.0.0) lib/rails/rack/logger.rb:24:in `block in call'
activesupport (5.0.0) lib/active_support/tagged_logging.rb:70:in `block in tagged'
activesupport (5.0.0) lib/active_support/tagged_logging.rb:26:in `tagged'
activesupport (5.0.0) lib/active_support/tagged_logging.rb:70:in `tagged'
railties (5.0.0) lib/rails/rack/logger.rb:24:in `call'
actionpack (5.0.0) lib/action_dispatch/middleware/request_id.rb:24:in `call'
rack (2.0.6) lib/rack/method_override.rb:22:in `call'
rack (2.0.6) lib/rack/runtime.rb:22:in `call'
activesupport (5.0.0) lib/active_support/cache/strategy/local_cache_middleware.rb:28:in `call'
actionpack (5.0.0) lib/action_dispatch/middleware/executor.rb:12:in `call'
actionpack (5.0.0) lib/action_dispatch/middleware/static.rb:136:in `call'
rack (2.0.6) lib/rack/sendfile.rb:111:in `call'
railties (5.0.0) lib/rails/engine.rb:522:in `call'
  Rendering /home/enbake/.rvm/gems/ruby-2.4.4/gems/actionpack-5.0.0/lib/action_dispatch/middleware/templates/rescues/diagnostics.html.erb within rescues/layout
rack (2.0.6) lib/rack/handler/webrick.rb:86:in `service'
/home/enbake/.rvm/rubies/ruby-2.4.4/lib/ruby/2.4.0/webrick/httpserver.rb:140:in `service'
/home/enbake/.rvm/rubies/ruby-2.4.4/lib/ruby/2.4.0/webrick/httpserver.rb:96:in `run'
  Rendering /home/enbake/.rvm/gems/ruby-2.4.4/gems/actionpack-5.0.0/lib/action_dispatch/middleware/templates/rescues/_source.html.erb
/home/enbake/.rvm/rubies/ruby-2.4.4/lib/ruby/2.4.0/webrick/server.rb:308:in `block in start_thread'
  Rendered /home/enbake/.rvm/gems/ruby-2.4.4/gems/actionpack-5.0.0/lib/action_dispatch/middleware/templates/rescues/_source.html.erb (4.4ms)
  Rendering /home/enbake/.rvm/gems/ruby-2.4.4/gems/actionpack-5.0.0/lib/action_dispatch/middleware/templates/rescues/_trace.html.erb
  Rendered /home/enbake/.rvm/gems/ruby-2.4.4/gems/actionpack-5.0.0/lib/action_dispatch/middleware/templates/rescues/_trace.html.erb (3.2ms)
  Rendering /home/enbake/.rvm/gems/ruby-2.4.4/gems/actionpack-5.0.0/lib/action_dispatch/middleware/templates/rescues/_request_and_response.html.erb
  Rendered /home/enbake/.rvm/gems/ruby-2.4.4/gems/actionpack-5.0.0/lib/action_dispatch/middleware/templates/rescues/_request_and_response.html.erb (1.6ms)
  Rendered /home/enbake/.rvm/gems/ruby-2.4.4/gems/actionpack-5.0.0/lib/action_dispatch/middleware/templates/rescues/diagnostics.html.erb within rescues/layout (75.4ms)
  Rendering /home/enbake/.rvm/gems/ruby-2.4.4/gems/web-console-2.3.0/lib/web_console/templates/index.html.erb
  Rendered /home/enbake/.rvm/gems/ruby-2.4.4/gems/web-console-2.3.0/lib/web_console/templates/_markup.html.erb (1.1ms)
  Rendering /home/enbake/.rvm/gems/ruby-2.4.4/gems/actionpack-5.0.0/lib/action_dispatch/middleware/templates/rescues/diagnostics.html.erb within rescues/layout
  Rendering /home/enbake/.rvm/gems/ruby-2.4.4/gems/web-console-2.3.0/lib/web_console/templates/console.js.erb within layouts/javascript
  Rendering /home/enbake/.rvm/gems/ruby-2.4.4/gems/actionpack-5.0.0/lib/action_dispatch/middleware/templates/rescues/_source.html.erb
  Rendered /home/enbake/.rvm/gems/ruby-2.4.4/gems/actionpack-5.0.0/lib/action_dispatch/middleware/templates/rescues/_source.html.erb (6.7ms)
  Rendering /home/enbake/.rvm/gems/ruby-2.4.4/gems/web-console-2.3.0/lib/web_console/templates/_inner_console_markup.html.erb within layouts/inlined_string
  Rendered /home/enbake/.rvm/gems/ruby-2.4.4/gems/web-console-2.3.0/lib/web_console/templates/_inner_console_markup.html.erb within layouts/inlined_string (0.8ms)
  Rendering /home/enbake/.rvm/gems/ruby-2.4.4/gems/actionpack-5.0.0/lib/action_dispatch/middleware/templates/rescues/_trace.html.erb
  Rendering /home/enbake/.rvm/gems/ruby-2.4.4/gems/web-console-2.3.0/lib/web_console/templates/_prompt_box_markup.html.erb within layouts/inlined_string
  Rendered /home/enbake/.rvm/gems/ruby-2.4.4/gems/actionpack-5.0.0/lib/action_dispatch/middleware/templates/rescues/_trace.html.erb (2.9ms)
  Rendered /home/enbake/.rvm/gems/ruby-2.4.4/gems/web-console-2.3.0/lib/web_console/templates/_prompt_box_markup.html.erb within layouts/inlined_string (0.5ms)
  Rendering /home/enbake/.rvm/gems/ruby-2.4.4/gems/web-console-2.3.0/lib/web_console/templates/style.css.erb within layouts/inlined_string
  Rendering /home/enbake/.rvm/gems/ruby-2.4.4/gems/actionpack-5.0.0/lib/action_dispatch/middleware/templates/rescues/_request_and_response.html.erb
  Rendered /home/enbake/.rvm/gems/ruby-2.4.4/gems/web-console-2.3.0/lib/web_console/templates/style.css.erb within layouts/inlined_string (0.6ms)
  Rendered /home/enbake/.rvm/gems/ruby-2.4.4/gems/actionpack-5.0.0/lib/action_dispatch/middleware/templates/rescues/_request_and_response.html.erb (2.2ms)
  Rendered /home/enbake/.rvm/gems/ruby-2.4.4/gems/web-console-2.3.0/lib/web_console/templates/console.js.erb within layouts/javascript (127.7ms)
  Rendered /home/enbake/.rvm/gems/ruby-2.4.4/gems/actionpack-5.0.0/lib/action_dispatch/middleware/templates/rescues/diagnostics.html.erb within rescues/layout (140.1ms)
  Rendering /home/enbake/.rvm/gems/ruby-2.4.4/gems/web-console-2.3.0/lib/web_console/templates/index.html.erb
  Rendering /home/enbake/.rvm/gems/ruby-2.4.4/gems/web-console-2.3.0/lib/web_console/templates/main.js.erb within layouts/javascript
  Rendered /home/enbake/.rvm/gems/ruby-2.4.4/gems/web-console-2.3.0/lib/web_console/templates/_markup.html.erb (0.7ms)
  Rendered /home/enbake/.rvm/gems/ruby-2.4.4/gems/web-console-2.3.0/lib/web_console/templates/main.js.erb within layouts/javascript (0.5ms)
  Rendering /home/enbake/.rvm/gems/ruby-2.4.4/gems/web-console-2.3.0/lib/web_console/templates/error_page.js.erb within layouts/javascript
  Rendered /home/enbake/.rvm/gems/ruby-2.4.4/gems/web-console-2.3.0/lib/web_console/templates/error_page.js.erb within layouts/javascript (0.8ms)
  Rendered /home/enbake/.rvm/gems/ruby-2.4.4/gems/web-console-2.3.0/lib/web_console/templates/index.html.erb (217.0ms)
  Rendering /home/enbake/.rvm/gems/ruby-2.4.4/gems/web-console-2.3.0/lib/web_console/templates/console.js.erb within layouts/javascript
  Rendering /home/enbake/.rvm/gems/ruby-2.4.4/gems/web-console-2.3.0/lib/web_console/templates/_inner_console_markup.html.erb within layouts/inlined_string
  Rendered /home/enbake/.rvm/gems/ruby-2.4.4/gems/web-console-2.3.0/lib/web_console/templates/_inner_console_markup.html.erb within layouts/inlined_string (0.6ms)
  Rendering /home/enbake/.rvm/gems/ruby-2.4.4/gems/web-console-2.3.0/lib/web_console/templates/_prompt_box_markup.html.erb within layouts/inlined_string
  Rendered /home/enbake/.rvm/gems/ruby-2.4.4/gems/web-console-2.3.0/lib/web_console/templates/_prompt_box_markup.html.erb within layouts/inlined_string (0.5ms)
  Rendering /home/enbake/.rvm/gems/ruby-2.4.4/gems/web-console-2.3.0/lib/web_console/templates/style.css.erb within layouts/inlined_string
  Rendered /home/enbake/.rvm/gems/ruby-2.4.4/gems/web-console-2.3.0/lib/web_console/templates/style.css.erb within layouts/inlined_string (0.5ms)
  Rendered /home/enbake/.rvm/gems/ruby-2.4.4/gems/web-console-2.3.0/lib/web_console/templates/console.js.erb within layouts/javascript (80.3ms)
  Rendering /home/enbake/.rvm/gems/ruby-2.4.4/gems/web-console-2.3.0/lib/web_console/templates/main.js.erb within layouts/javascript
  Rendered /home/enbake/.rvm/gems/ruby-2.4.4/gems/web-console-2.3.0/lib/web_console/templates/main.js.erb within layouts/javascript (0.5ms)
  Rendering /home/enbake/.rvm/gems/ruby-2.4.4/gems/web-console-2.3.0/lib/web_console/templates/error_page.js.erb within layouts/javascript
  Rendered /home/enbake/.rvm/gems/ruby-2.4.4/gems/web-console-2.3.0/lib/web_console/templates/error_page.js.erb within layouts/javascript (0.6ms)
  Rendered /home/enbake/.rvm/gems/ruby-2.4.4/gems/web-console-2.3.0/lib/web_console/templates/index.html.erb (121.0ms)
Started GET "/" for 127.0.0.1 at 2019-01-28 16:50:30 +0530
DEPRECATION WARNING: ActiveRecord::Base.raise_in_transactional_callbacks= is deprecated, has no effect and will be removed without replacement. (called from block (3 levels) in <class:Railtie> at /home/enbake/.rvm/gems/ruby-2.4.4/gems/activerecord-5.0.1/lib/active_record/railtie.rb:113)
Processing by Rails::WelcomeController#index as HTML
  Parameters: {"internal"=>true}
  Rendering /home/enbake/.rvm/gems/ruby-2.4.4/gems/railties-5.0.1/lib/rails/templates/rails/welcome/index.html.erb
  Rendered /home/enbake/.rvm/gems/ruby-2.4.4/gems/railties-5.0.1/lib/rails/templates/rails/welcome/index.html.erb (4.2ms)
Completed 200 OK in 23ms (Views: 10.2ms | ActiveRecord: 0.0ms)


Started GET "/admin" for 127.0.0.1 at 2019-01-28 16:50:34 +0530
Processing by RailsAdmin::MainController#dashboard as HTML
  Rendering /home/enbake/.rvm/gems/ruby-2.4.4/gems/rails_admin-1.4.2/app/views/rails_admin/main/dashboard.html.haml within layouts/rails_admin/application
  Rendered /home/enbake/.rvm/gems/ruby-2.4.4/gems/rails_admin-1.4.2/app/views/rails_admin/main/dashboard.html.haml within layouts/rails_admin/application (29.1ms)
  Rendered /home/enbake/.rvm/gems/ruby-2.4.4/gems/rails_admin-1.4.2/app/views/layouts/rails_admin/_secondary_navigation.html.haml (9.0ms)
  Rendered /home/enbake/.rvm/gems/ruby-2.4.4/gems/rails_admin-1.4.2/app/views/layouts/rails_admin/_navigation.html.haml (18.0ms)
  Rendered /home/enbake/.rvm/gems/ruby-2.4.4/gems/rails_admin-1.4.2/app/views/layouts/rails_admin/_sidebar_navigation.html.haml (3.1ms)
  Rendering /home/enbake/.rvm/gems/ruby-2.4.4/gems/rails_admin-1.4.2/app/views/layouts/rails_admin/pjax.html.haml
  Rendered /home/enbake/.rvm/gems/ruby-2.4.4/gems/rails_admin-1.4.2/app/views/layouts/rails_admin/pjax.html.haml (8.1ms)
Completed 200 OK in 6414ms (Views: 6265.1ms | ActiveRecord: 0.0ms)


Started GET "/assets/rails_admin/rails_admin.self-40b58265c69a6e915ffbbded756b861994c443a26ede3c6fa690c35f4faf5475.css?body=1" for 127.0.0.1 at 2019-01-28 16:50:41 +0530
DEPRECATION WARNING: ActiveRecord::Base.raise_in_transactional_callbacks= is deprecated, has no effect and will be removed without replacement. (called from require at /home/enbake/.rvm/rubies/ruby-2.4.4/lib/ruby/site_ruby/2.4.0/rubygems/core_ext/kernel_require.rb:59)
DEPRECATION WARNING: ActiveRecord::Base.raise_in_transactional_callbacks= is deprecated, has no effect and will be removed without replacement. (called from require at /home/enbake/.rvm/rubies/ruby-2.4.4/lib/ruby/site_ruby/2.4.0/rubygems/core_ext/kernel_require.rb:59)
DEPRECATION WARNING: ActiveRecord::Base.raise_in_transactional_callbacks= is deprecated, has no effect and will be removed without replacement. (called from require at /home/enbake/.rvm/rubies/ruby-2.4.4/lib/ruby/site_ruby/2.4.0/rubygems/core_ext/kernel_require.rb:59)
DEPRECATION WARNING: ActiveRecord::Base.raise_in_transactional_callbacks= is deprecated, has no effect and will be removed without replacement. (called from <top (required)> at /home/enbake/Desktop/dashboad/app/models/application_record.rb:1)
  [1m[35m (438.3ms)[0m  [1m[35mCREATE TABLE "ar_internal_metadata" ("key" character varying PRIMARY KEY, "value" character varying, "created_at" timestamp NOT NULL, "updated_at" timestamp NOT NULL)[0m
  [1m[35m (36.1ms)[0m  [1m[34mSELECT pg_try_advisory_lock(5338755480377260305);[0m
  [1m[36mActiveRecord::SchemaMigration Load (1.0ms)[0m  [1m[34mSELECT "schema_migrations".* FROM "schema_migrations"[0m
Migrating to DeviseCreateUsers (20190128115712)
  [1m[35m (0.3ms)[0m  [1m[35mBEGIN[0m
  [1m[35m (230.7ms)[0m  [1m[35mCREATE TABLE "users" ("id" serial primary key, "email" character varying DEFAULT '' NOT NULL, "encrypted_password" character varying DEFAULT '' NOT NULL, "reset_password_token" character varying, "reset_password_sent_at" timestamp, "remember_created_at" timestamp, "created_at" timestamp NOT NULL, "updated_at" timestamp NOT NULL)[0m
  [1m[35m (77.8ms)[0m  [1m[35mCREATE UNIQUE INDEX  "index_users_on_email" ON "users"  ("email")[0m
  [1m[35m (51.9ms)[0m  [1m[35mCREATE UNIQUE INDEX  "index_users_on_reset_password_token" ON "users"  ("reset_password_token")[0m
  [1m[35mSQL (0.8ms)[0m  [1m[32mINSERT INTO "schema_migrations" ("version") VALUES ($1) RETURNING "version"[0m  [["version", "20190128115712"]]
  [1m[35m (29.0ms)[0m  [1m[35mCOMMIT[0m
  [1m[36mActiveRecord::InternalMetadata Load (1.0ms)[0m  [1m[34mSELECT  "ar_internal_metadata".* FROM "ar_internal_metadata" WHERE "ar_internal_metadata"."key" = $1 LIMIT $2[0m  [["key", :environment], ["LIMIT", 1]]
  [1m[35m (0.4ms)[0m  [1m[35mBEGIN[0m
  [1m[35mSQL (0.7ms)[0m  [1m[32mINSERT INTO "ar_internal_metadata" ("key", "value", "created_at", "updated_at") VALUES ($1, $2, $3, $4) RETURNING "key"[0m  [["key", "environment"], ["value", "development"], ["created_at", 2019-01-28 11:57:29 UTC], ["updated_at", 2019-01-28 11:57:29 UTC]]
  [1m[35m (29.0ms)[0m  [1m[35mCOMMIT[0m
  [1m[35m (0.6ms)[0m  [1m[34mSELECT pg_advisory_unlock(5338755480377260305)[0m
  [1m[36mActiveRecord::SchemaMigration Load (0.4ms)[0m  [1m[34mSELECT "schema_migrations".* FROM "schema_migrations"[0m
DEPRECATION WARNING: ActiveRecord::Base.raise_in_transactional_callbacks= is deprecated, has no effect and will be removed without replacement. (called from <top (required)> at /home/enbake/Desktop/dashboad/app/models/application_record.rb:1)
DEPRECATION WARNING: ActiveRecord::Base.raise_in_transactional_callbacks= is deprecated, has no effect and will be removed without replacement. (called from <top (required)> at /home/enbake/Desktop/dashboad/app/models/application_record.rb:1)
Started GET "/" for 127.0.0.1 at 2019-01-28 17:28:16 +0530
  [1m[36mActiveRecord::SchemaMigration Load (1.6ms)[0m  [1m[34mSELECT "schema_migrations".* FROM "schema_migrations"[0m
Processing by Rails::WelcomeController#index as HTML
  Parameters: {"internal"=>true}
  Rendering /home/enbake/.rvm/gems/ruby-2.4.4/gems/railties-5.0.1/lib/rails/templates/rails/welcome/index.html.erb
  Rendered /home/enbake/.rvm/gems/ruby-2.4.4/gems/railties-5.0.1/lib/rails/templates/rails/welcome/index.html.erb (5.4ms)
Completed 200 OK in 25ms (Views: 11.6ms | ActiveRecord: 0.0ms)


Started GET "/admin" for 127.0.0.1 at 2019-01-28 17:28:21 +0530
Processing by RailsAdmin::MainController#dashboard as HTML
Completed 401 Unauthorized in 7ms (ActiveRecord: 0.0ms)


Started GET "/users/sign_in" for 127.0.0.1 at 2019-01-28 17:28:21 +0530
Processing by Devise::SessionsController#new as HTML
  Rendering devise/sessions/new.html.erb within layouts/application
  Rendered devise/shared/_links.html.erb (1.8ms)
  Rendered devise/sessions/new.html.erb within layouts/application (16.2ms)
Completed 200 OK in 565ms (Views: 542.5ms | ActiveRecord: 6.6ms)


Started GET "/assets/application.self-e80e8f2318043e8af94dddc2adad5a4f09739a8ebb323b3ab31cd71d45fd9113.css?body=1" for 127.0.0.1 at 2019-01-28 17:28:22 +0530
Started GET "/assets/turbolinks.self-569ee74eaa15c1e2019317ff770b8769b1ec033a0f572a485f64c82ddc8f989e.js?body=1" for 127.0.0.1 at 2019-01-28 17:28:22 +0530
Started GET "/assets/application.self-3b8dabdc891efe46b9a144b400ad69e37d7e5876bdc39dee783419a69d7ca819.js?body=1" for 127.0.0.1 at 2019-01-28 17:28:22 +0530
Started GET "/users/sign_up" for 127.0.0.1 at 2019-01-28 17:28:37 +0530
Processing by Devise::RegistrationsController#new as HTML
  Rendering devise/registrations/new.html.erb within layouts/application
  Rendered devise/shared/_links.html.erb (1.7ms)
  Rendered devise/registrations/new.html.erb within layouts/application (9.0ms)
Completed 200 OK in 43ms (Views: 39.9ms | ActiveRecord: 0.0ms)


Started POST "/users" for 127.0.0.1 at 2019-01-28 17:28:57 +0530
Processing by Devise::RegistrationsController#create as HTML
  Parameters: {"utf8"=>"✓", "authenticity_token"=>"JWNaqoQNYTuBzuhZemQjtAVFi5e4hKqtGIpDCgTQB6axLZ+8gnK49IinpGhTpULqtniSdtPZTWWr9P7sKMgd1g==", "user"=>{"email"=>"aaa@aaa.aaa", "password"=>"[FILTERED]", "password_confirmation"=>"[FILTERED]"}, "commit"=>"Sign up"}
  [1m[35m (0.3ms)[0m  [1m[35mBEGIN[0m
  [1m[36mUser Exists (2.1ms)[0m  [1m[34mSELECT  1 AS one FROM "users" WHERE "users"."email" = $1 LIMIT $2[0m  [["email", "aaa@aaa.aaa"], ["LIMIT", 1]]
  [1m[35mSQL (1.4ms)[0m  [1m[32mINSERT INTO "users" ("email", "encrypted_password", "created_at", "updated_at") VALUES ($1, $2, $3, $4) RETURNING "id"[0m  [["email", "aaa@aaa.aaa"], ["encrypted_password", "$2a$11$sVhff76ZsquYtHEeeLma7OJpLmitRsM6JY4w6FzYIfqi7TNWvjmqW"], ["created_at", 2019-01-28 11:58:58 UTC], ["updated_at", 2019-01-28 11:58:58 UTC]]
  [1m[35m (23.1ms)[0m  [1m[35mCOMMIT[0m
Redirected to http://localhost:3000/admin/
Completed 302 Found in 253ms (ActiveRecord: 26.9ms)


Started GET "/admin/" for 127.0.0.1 at 2019-01-28 17:28:58 +0530
Processing by RailsAdmin::MainController#dashboard as HTML
  [1m[36mUser Load (1.5ms)[0m  [1m[34mSELECT  "users".* FROM "users" WHERE "users"."id" = $1 ORDER BY "users"."id" ASC LIMIT $2[0m  [["id", 1], ["LIMIT", 1]]
  [1m[35m (0.7ms)[0m  [1m[34mSELECT COUNT(*) FROM "users"[0m
  [1m[36mUser Load (0.7ms)[0m  [1m[34mSELECT  "users".* FROM "users" ORDER BY "users"."id" DESC LIMIT $1[0m  [["LIMIT", 1]]
  Rendering /home/enbake/.rvm/gems/ruby-2.4.4/gems/rails_admin-1.4.2/app/views/rails_admin/main/dashboard.html.haml within layouts/rails_admin/application
  Rendered /home/enbake/.rvm/gems/ruby-2.4.4/gems/rails_admin-1.4.2/app/views/rails_admin/main/dashboard.html.haml within layouts/rails_admin/application (42.1ms)
  Rendered /home/enbake/.rvm/gems/ruby-2.4.4/gems/rails_admin-1.4.2/app/views/layouts/rails_admin/_secondary_navigation.html.haml (8.5ms)
  Rendered /home/enbake/.rvm/gems/ruby-2.4.4/gems/rails_admin-1.4.2/app/views/layouts/rails_admin/_navigation.html.haml (16.6ms)
  Rendered /home/enbake/.rvm/gems/ruby-2.4.4/gems/rails_admin-1.4.2/app/views/layouts/rails_admin/_sidebar_navigation.html.haml (4.0ms)
  Rendering /home/enbake/.rvm/gems/ruby-2.4.4/gems/rails_admin-1.4.2/app/views/layouts/rails_admin/pjax.html.haml
  Rendered /home/enbake/.rvm/gems/ruby-2.4.4/gems/rails_admin-1.4.2/app/views/layouts/rails_admin/pjax.html.haml (8.2ms)
Completed 200 OK in 839ms (Views: 349.0ms | ActiveRecord: 2.9ms)


Started GET "/admin/user?_pjax=%5Bdata-pjax-container%5D" for 127.0.0.1 at 2019-01-28 17:29:11 +0530
Processing by RailsAdmin::MainController#index as HTML
  Parameters: {"_pjax"=>"[data-pjax-container]", "model_name"=>"user"}
  [1m[36mUser Load (0.7ms)[0m  [1m[34mSELECT  "users".* FROM "users" WHERE "users"."id" = $1 ORDER BY "users"."id" ASC LIMIT $2[0m  [["id", 1], ["LIMIT", 1]]
  Rendering /home/enbake/.rvm/gems/ruby-2.4.4/gems/rails_admin-1.4.2/app/views/rails_admin/main/index.html.haml within layouts/rails_admin/pjax
  [1m[36mUser Load (0.8ms)[0m  [1m[34mSELECT  "users".* FROM "users" ORDER BY users.id desc LIMIT $1 OFFSET $2[0m  [["LIMIT", 20], ["OFFSET", 0]]
  Rendered /home/enbake/.rvm/gems/ruby-2.4.4/gems/rails_admin-1.4.2/app/views/rails_admin/main/index.html.haml within layouts/rails_admin/pjax (114.4ms)
Completed 200 OK in 165ms (Views: 143.3ms | ActiveRecord: 1.5ms)


Started GET "/admin/user?_pjax=%5Bdata-pjax-container%5D" for 127.0.0.1 at 2019-01-28 17:29:28 +0530
Processing by RailsAdmin::MainController#index as HTML
  Parameters: {"_pjax"=>"[data-pjax-container]", "model_name"=>"user"}
  [1m[36mUser Load (0.7ms)[0m  [1m[34mSELECT  "users".* FROM "users" WHERE "users"."id" = $1 ORDER BY "users"."id" ASC LIMIT $2[0m  [["id", 1], ["LIMIT", 1]]
  Rendering /home/enbake/.rvm/gems/ruby-2.4.4/gems/rails_admin-1.4.2/app/views/rails_admin/main/index.html.haml within layouts/rails_admin/pjax
  [1m[36mUser Load (0.7ms)[0m  [1m[34mSELECT  "users".* FROM "users" ORDER BY users.id desc LIMIT $1 OFFSET $2[0m  [["LIMIT", 20], ["OFFSET", 0]]
  Rendered /home/enbake/.rvm/gems/ruby-2.4.4/gems/rails_admin-1.4.2/app/views/rails_admin/main/index.html.haml within layouts/rails_admin/pjax (69.9ms)
Completed 200 OK in 109ms (Views: 89.9ms | ActiveRecord: 1.4ms)


Started GET "/admin/user/new?_pjax=%5Bdata-pjax-container%5D" for 127.0.0.1 at 2019-01-28 17:29:31 +0530
Processing by RailsAdmin::MainController#new as HTML
  Parameters: {"_pjax"=>"[data-pjax-container]", "model_name"=>"user"}
  [1m[36mUser Load (0.6ms)[0m  [1m[34mSELECT  "users".* FROM "users" WHERE "users"."id" = $1 ORDER BY "users"."id" ASC LIMIT $2[0m  [["id", 1], ["LIMIT", 1]]
  Rendering /home/enbake/.rvm/gems/ruby-2.4.4/gems/rails_admin-1.4.2/app/views/rails_admin/main/new.html.haml within layouts/rails_admin/pjax
  Rendered /home/enbake/.rvm/gems/ruby-2.4.4/gems/rails_admin-1.4.2/app/views/rails_admin/main/_form_field.html.haml (4.5ms)
  Rendered /home/enbake/.rvm/gems/ruby-2.4.4/gems/rails_admin-1.4.2/app/views/rails_admin/main/_form_field.html.haml (0.6ms)
  Rendered /home/enbake/.rvm/gems/ruby-2.4.4/gems/rails_admin-1.4.2/app/views/rails_admin/main/_form_field.html.haml (0.2ms)
  Rendered /home/enbake/.rvm/gems/ruby-2.4.4/gems/rails_admin-1.4.2/app/views/rails_admin/main/_form_datetime.html.haml (4.6ms)
  Rendered /home/enbake/.rvm/gems/ruby-2.4.4/gems/rails_admin-1.4.2/app/views/rails_admin/main/_form_datetime.html.haml (0.6ms)
  Rendered /home/enbake/.rvm/gems/ruby-2.4.4/gems/rails_admin-1.4.2/app/views/rails_admin/main/_submit_buttons.html.haml (13.2ms)
  Rendered /home/enbake/.rvm/gems/ruby-2.4.4/gems/rails_admin-1.4.2/app/views/rails_admin/main/new.html.haml within layouts/rails_admin/pjax (47.6ms)
Completed 200 OK in 84ms (Views: 65.8ms | ActiveRecord: 0.6ms)


Started GET "/admin/user?_pjax=%5Bdata-pjax-container%5D" for 127.0.0.1 at 2019-01-28 18:15:10 +0530
Processing by RailsAdmin::MainController#index as HTML
  Parameters: {"_pjax"=>"[data-pjax-container]", "model_name"=>"user"}
  [1m[36mUser Load (0.9ms)[0m  [1m[34mSELECT  "users".* FROM "users" WHERE "users"."id" = $1 ORDER BY "users"."id" ASC LIMIT $2[0m  [["id", 1], ["LIMIT", 1]]
  Rendering /home/enbake/.rvm/gems/ruby-2.4.4/gems/rails_admin-1.4.2/app/views/rails_admin/main/index.html.haml within layouts/rails_admin/pjax
  [1m[36mUser Load (0.6ms)[0m  [1m[34mSELECT  "users".* FROM "users" ORDER BY users.id desc LIMIT $1 OFFSET $2[0m  [["LIMIT", 20], ["OFFSET", 0]]
  Rendered /home/enbake/.rvm/gems/ruby-2.4.4/gems/rails_admin-1.4.2/app/views/rails_admin/main/index.html.haml within layouts/rails_admin/pjax (62.3ms)
Completed 200 OK in 114ms (Views: 85.1ms | ActiveRecord: 1.6ms)


Started GET "/admin/user/export?model_name=user" for 127.0.0.1 at 2019-01-28 18:27:21 +0530
Processing by RailsAdmin::MainController#export as HTML
  Parameters: {"model_name"=>"user"}
  [1m[36mUser Load (0.9ms)[0m  [1m[34mSELECT  "users".* FROM "users" WHERE "users"."id" = $1 ORDER BY "users"."id" ASC LIMIT $2[0m  [["id", 1], ["LIMIT", 1]]
  Rendering /home/enbake/.rvm/gems/ruby-2.4.4/gems/rails_admin-1.4.2/app/views/rails_admin/main/export.html.haml within layouts/rails_admin/application
  [1m[35m (0.5ms)[0m  [1m[34mSELECT ''::text AS str;[0m
  Rendered /home/enbake/.rvm/gems/ruby-2.4.4/gems/rails_admin-1.4.2/app/views/rails_admin/main/export.html.haml within layouts/rails_admin/application (48.5ms)
  Rendered /home/enbake/.rvm/gems/ruby-2.4.4/gems/rails_admin-1.4.2/app/views/layouts/rails_admin/_secondary_navigation.html.haml (18.6ms)
  Rendered /home/enbake/.rvm/gems/ruby-2.4.4/gems/rails_admin-1.4.2/app/views/layouts/rails_admin/_navigation.html.haml (27.2ms)
  Rendered /home/enbake/.rvm/gems/ruby-2.4.4/gems/rails_admin-1.4.2/app/views/layouts/rails_admin/_sidebar_navigation.html.haml (5.3ms)
  Rendering /home/enbake/.rvm/gems/ruby-2.4.4/gems/rails_admin-1.4.2/app/views/layouts/rails_admin/pjax.html.haml
  Rendered /home/enbake/.rvm/gems/ruby-2.4.4/gems/rails_admin-1.4.2/app/views/layouts/rails_admin/pjax.html.haml (14.0ms)
Completed 200 OK in 332ms (Views: 318.3ms | ActiveRecord: 1.4ms)


Started POST "/admin/user/export?all=true&model_name=user" for 127.0.0.1 at 2019-01-28 18:27:31 +0530
Processing by RailsAdmin::MainController#export as HTML
  Parameters: {"utf8"=>"✓", "authenticity_token"=>"/hFddr6ur0Lw71Lwz5dpEYn0QkFQuOuITBnoMsUQPvtqX5hguNF2jfmGHsHmVghPOslboDvlDED/Z1XU6Qgkiw==", "send_data"=>"true", "all"=>"true", "schema"=>{"only"=>["id", "email", "reset_password_sent_at", "remember_created_at", "created_at", "updated_at"]}, "csv_options"=>{"encoding_to"=>"", "generator"=>{"col_sep"=>","}}, "return_to"=>"http://localhost:3000/admin/user", "csv"=>"", "model_name"=>"user"}
  [1m[36mUser Load (0.7ms)[0m  [1m[34mSELECT  "users".* FROM "users" WHERE "users"."id" = $1 ORDER BY "users"."id" ASC LIMIT $2[0m  [["id", 1], ["LIMIT", 1]]
  [1m[36mUser Load (0.7ms)[0m  [1m[34mSELECT "users".* FROM "users" ORDER BY users.id desc[0m
  [1m[36mUser Load (0.4ms)[0m  [1m[34mSELECT  "users".* FROM "users" ORDER BY users.id desc LIMIT $1[0m  [["LIMIT", 1]]
Scoped order and limit are ignored, it's forced to be batch order and batch size.
  [1m[36mUser Load (0.7ms)[0m  [1m[34mSELECT  "users".* FROM "users" ORDER BY "users"."id" ASC LIMIT $1[0m  [["LIMIT", 1000]]
  Rendering text template
  Rendered text template (0.0ms)
Sent data  (14.9ms)
Completed 200 OK in 46ms (Views: 14.6ms | ActiveRecord: 2.6ms)


Started GET "/admin/user" for 127.0.0.1 at 2019-01-28 18:27:56 +0530
Processing by RailsAdmin::MainController#index as HTML
  Parameters: {"model_name"=>"user"}
  [1m[36mUser Load (0.7ms)[0m  [1m[34mSELECT  "users".* FROM "users" WHERE "users"."id" = $1 ORDER BY "users"."id" ASC LIMIT $2[0m  [["id", 1], ["LIMIT", 1]]
  Rendering /home/enbake/.rvm/gems/ruby-2.4.4/gems/rails_admin-1.4.2/app/views/rails_admin/main/index.html.haml within layouts/rails_admin/application
  [1m[36mUser Load (0.6ms)[0m  [1m[34mSELECT  "users".* FROM "users" ORDER BY users.id desc LIMIT $1 OFFSET $2[0m  [["LIMIT", 20], ["OFFSET", 0]]
  Rendered /home/enbake/.rvm/gems/ruby-2.4.4/gems/rails_admin-1.4.2/app/views/rails_admin/main/index.html.haml within layouts/rails_admin/application (61.9ms)
  Rendered /home/enbake/.rvm/gems/ruby-2.4.4/gems/rails_admin-1.4.2/app/views/layouts/rails_admin/_secondary_navigation.html.haml (7.4ms)
  Rendered /home/enbake/.rvm/gems/ruby-2.4.4/gems/rails_admin-1.4.2/app/views/layouts/rails_admin/_navigation.html.haml (17.1ms)
  Rendered /home/enbake/.rvm/gems/ruby-2.4.4/gems/rails_admin-1.4.2/app/views/layouts/rails_admin/_sidebar_navigation.html.haml (4.6ms)
  Rendering /home/enbake/.rvm/gems/ruby-2.4.4/gems/rails_admin-1.4.2/app/views/layouts/rails_admin/pjax.html.haml
  Rendered /home/enbake/.rvm/gems/ruby-2.4.4/gems/rails_admin-1.4.2/app/views/layouts/rails_admin/pjax.html.haml (13.2ms)
Completed 200 OK in 307ms (Views: 293.1ms | ActiveRecord: 1.3ms)


Started GET "/admin/user/1/edit" for 127.0.0.1 at 2019-01-28 18:28:03 +0530
Processing by RailsAdmin::MainController#edit as HTML
  Parameters: {"model_name"=>"user", "id"=>"1"}
  [1m[36mUser Load (0.6ms)[0m  [1m[34mSELECT  "users".* FROM "users" WHERE "users"."id" = $1 ORDER BY "users"."id" ASC LIMIT $2[0m  [["id", 1], ["LIMIT", 1]]
  [1m[36mUser Load (0.8ms)[0m  [1m[34mSELECT  "users".* FROM "users" WHERE "users"."id" = $1 ORDER BY "users"."id" ASC LIMIT $2[0m  [["id", 1], ["LIMIT", 1]]
  Rendering /home/enbake/.rvm/gems/ruby-2.4.4/gems/rails_admin-1.4.2/app/views/rails_admin/main/edit.html.haml within layouts/rails_admin/application
  Rendered /home/enbake/.rvm/gems/ruby-2.4.4/gems/rails_admin-1.4.2/app/views/rails_admin/main/_form_field.html.haml (3.6ms)
  Rendered /home/enbake/.rvm/gems/ruby-2.4.4/gems/rails_admin-1.4.2/app/views/rails_admin/main/_form_field.html.haml (0.3ms)
  Rendered /home/enbake/.rvm/gems/ruby-2.4.4/gems/rails_admin-1.4.2/app/views/rails_admin/main/_form_field.html.haml (0.2ms)
  Rendered /home/enbake/.rvm/gems/ruby-2.4.4/gems/rails_admin-1.4.2/app/views/rails_admin/main/_form_datetime.html.haml (7.3ms)
  Rendered /home/enbake/.rvm/gems/ruby-2.4.4/gems/rails_admin-1.4.2/app/views/rails_admin/main/_form_datetime.html.haml (0.6ms)
  Rendered /home/enbake/.rvm/gems/ruby-2.4.4/gems/rails_admin-1.4.2/app/views/rails_admin/main/_submit_buttons.html.haml (13.0ms)
  Rendered /home/enbake/.rvm/gems/ruby-2.4.4/gems/rails_admin-1.4.2/app/views/rails_admin/main/edit.html.haml within layouts/rails_admin/application (53.0ms)
  Rendered /home/enbake/.rvm/gems/ruby-2.4.4/gems/rails_admin-1.4.2/app/views/layouts/rails_admin/_secondary_navigation.html.haml (7.7ms)
  Rendered /home/enbake/.rvm/gems/ruby-2.4.4/gems/rails_admin-1.4.2/app/views/layouts/rails_admin/_navigation.html.haml (16.7ms)
  Rendered /home/enbake/.rvm/gems/ruby-2.4.4/gems/rails_admin-1.4.2/app/views/layouts/rails_admin/_sidebar_navigation.html.haml (5.5ms)
  Rendering /home/enbake/.rvm/gems/ruby-2.4.4/gems/rails_admin-1.4.2/app/views/layouts/rails_admin/pjax.html.haml
  Rendered /home/enbake/.rvm/gems/ruby-2.4.4/gems/rails_admin-1.4.2/app/views/layouts/rails_admin/pjax.html.haml (16.7ms)
Completed 200 OK in 322ms (Views: 304.8ms | ActiveRecord: 1.4ms)


Started DELETE "/users/sign_out" for 127.0.0.1 at 2019-01-28 18:28:08 +0530
Processing by Devise::SessionsController#destroy as HTML
  Parameters: {"authenticity_token"=>"nArUAjIQpSzxYmkFv/8cwxVoFshc3lx+RwEkZnZ6OVEIRBEUNG984/gLJTSWPn2dplUPKTeDu7b0f5mAWmIjIQ=="}
  [1m[36mUser Load (0.7ms)[0m  [1m[34mSELECT  "users".* FROM "users" WHERE "users"."id" = $1 ORDER BY "users"."id" ASC LIMIT $2[0m  [["id", 1], ["LIMIT", 1]]
  [1m[35m (0.2ms)[0m  [1m[35mBEGIN[0m
  [1m[35m (0.2ms)[0m  [1m[35mCOMMIT[0m
Redirected to http://localhost:3000/
Completed 302 Found in 9ms (ActiveRecord: 1.1ms)


Started GET "/" for 127.0.0.1 at 2019-01-28 18:28:08 +0530
Processing by Rails::WelcomeController#index as HTML
  Parameters: {"internal"=>true}
  Rendering /home/enbake/.rvm/gems/ruby-2.4.4/gems/railties-5.0.1/lib/rails/templates/rails/welcome/index.html.erb
  Rendered /home/enbake/.rvm/gems/ruby-2.4.4/gems/railties-5.0.1/lib/rails/templates/rails/welcome/index.html.erb (3.2ms)
Completed 200 OK in 7ms (Views: 5.0ms | ActiveRecord: 0.0ms)


Started GET "/admin" for 127.0.0.1 at 2019-01-28 18:28:13 +0530
Processing by RailsAdmin::MainController#dashboard as HTML
Completed 401 Unauthorized in 2ms (ActiveRecord: 0.0ms)


Started GET "/users/sign_in" for 127.0.0.1 at 2019-01-28 18:28:13 +0530
Processing by Devise::SessionsController#new as HTML
  Rendering devise/sessions/new.html.erb within layouts/application
  Rendered devise/shared/_links.html.erb (1.8ms)
  Rendered devise/sessions/new.html.erb within layouts/application (7.1ms)
Completed 200 OK in 50ms (Views: 47.9ms | ActiveRecord: 0.0ms)


Started GET "/users/sign_up" for 127.0.0.1 at 2019-01-28 18:28:16 +0530
Processing by Devise::RegistrationsController#new as HTML
  Rendering devise/registrations/new.html.erb within layouts/application
  Rendered devise/shared/_links.html.erb (2.3ms)
  Rendered devise/registrations/new.html.erb within layouts/application (9.7ms)
Completed 200 OK in 45ms (Views: 43.0ms | ActiveRecord: 0.0ms)


Started POST "/users" for 127.0.0.1 at 2019-01-28 18:28:32 +0530
Processing by Devise::RegistrationsController#create as HTML
  Parameters: {"utf8"=>"✓", "authenticity_token"=>"owapdgVE6vm7eDeO3bp0HbeYA0yhyLB4WmpMaahcP6WbB5uuqOmnVJ+g6bzEbwdP0k6pxk285PX+yr1BcZi2dw==", "user"=>{"email"=>"123@123.123", "password"=>"[FILTERED]", "password_confirmation"=>"[FILTERED]"}, "commit"=>"Sign up"}
  [1m[35m (0.2ms)[0m  [1m[35mBEGIN[0m
  [1m[36mUser Exists (0.7ms)[0m  [1m[34mSELECT  1 AS one FROM "users" WHERE "users"."email" = $1 LIMIT $2[0m  [["email", "123@123.123"], ["LIMIT", 1]]
  [1m[35mSQL (0.5ms)[0m  [1m[32mINSERT INTO "users" ("email", "encrypted_password", "created_at", "updated_at") VALUES ($1, $2, $3, $4) RETURNING "id"[0m  [["email", "123@123.123"], ["encrypted_password", "$2a$11$tUbVoXnoMmowDp7z5Y4TPuSBZi61XS44CC8PZOnDtUtzwUYOjv/2i"], ["created_at", 2019-01-28 12:58:33 UTC], ["updated_at", 2019-01-28 12:58:33 UTC]]
  [1m[35m (51.5ms)[0m  [1m[35mCOMMIT[0m
Redirected to http://localhost:3000/admin/
Completed 302 Found in 264ms (ActiveRecord: 52.9ms)


Started GET "/admin/" for 127.0.0.1 at 2019-01-28 18:28:33 +0530
Processing by RailsAdmin::MainController#dashboard as HTML
  [1m[36mUser Load (0.7ms)[0m  [1m[34mSELECT  "users".* FROM "users" WHERE "users"."id" = $1 ORDER BY "users"."id" ASC LIMIT $2[0m  [["id", 2], ["LIMIT", 1]]
  [1m[35m (0.5ms)[0m  [1m[34mSELECT COUNT(*) FROM "users"[0m
  [1m[36mUser Load (0.5ms)[0m  [1m[34mSELECT  "users".* FROM "users" ORDER BY "users"."id" DESC LIMIT $1[0m  [["LIMIT", 1]]
  Rendering /home/enbake/.rvm/gems/ruby-2.4.4/gems/rails_admin-1.4.2/app/views/rails_admin/main/dashboard.html.haml within layouts/rails_admin/application
  Rendered /home/enbake/.rvm/gems/ruby-2.4.4/gems/rails_admin-1.4.2/app/views/rails_admin/main/dashboard.html.haml within layouts/rails_admin/application (17.2ms)
  Rendered /home/enbake/.rvm/gems/ruby-2.4.4/gems/rails_admin-1.4.2/app/views/layouts/rails_admin/_secondary_navigation.html.haml (9.1ms)
  Rendered /home/enbake/.rvm/gems/ruby-2.4.4/gems/rails_admin-1.4.2/app/views/layouts/rails_admin/_navigation.html.haml (18.0ms)
  Rendered /home/enbake/.rvm/gems/ruby-2.4.4/gems/rails_admin-1.4.2/app/views/layouts/rails_admin/_sidebar_navigation.html.haml (4.6ms)
  Rendering /home/enbake/.rvm/gems/ruby-2.4.4/gems/rails_admin-1.4.2/app/views/layouts/rails_admin/pjax.html.haml
  Rendered /home/enbake/.rvm/gems/ruby-2.4.4/gems/rails_admin-1.4.2/app/views/layouts/rails_admin/pjax.html.haml (8.9ms)
Completed 200 OK in 255ms (Views: 247.0ms | ActiveRecord: 1.7ms)


Started GET "/admin/user?_pjax=%5Bdata-pjax-container%5D" for 127.0.0.1 at 2019-01-28 18:28:52 +0530
Processing by RailsAdmin::MainController#index as HTML
  Parameters: {"_pjax"=>"[data-pjax-container]", "model_name"=>"user"}
  [1m[36mUser Load (0.8ms)[0m  [1m[34mSELECT  "users".* FROM "users" WHERE "users"."id" = $1 ORDER BY "users"."id" ASC LIMIT $2[0m  [["id", 2], ["LIMIT", 1]]
  Rendering /home/enbake/.rvm/gems/ruby-2.4.4/gems/rails_admin-1.4.2/app/views/rails_admin/main/index.html.haml within layouts/rails_admin/pjax
  [1m[36mUser Load (0.9ms)[0m  [1m[34mSELECT  "users".* FROM "users" ORDER BY users.id desc LIMIT $1 OFFSET $2[0m  [["LIMIT", 20], ["OFFSET", 0]]
  Rendered /home/enbake/.rvm/gems/ruby-2.4.4/gems/rails_admin-1.4.2/app/views/rails_admin/main/index.html.haml within layouts/rails_admin/pjax (86.5ms)
Completed 200 OK in 125ms (Views: 105.3ms | ActiveRecord: 1.7ms)


